

Microchip MPLAB XC8 Assembler V2.46 build 20240104201356 
                                                                                               Wed Oct 23 07:54:13 2024

Microchip MPLAB XC8 C Compiler v2.46 (Free license) build 20240104201356 Og1 
     1                           	processor	16F1783
     2                           	pagewidth 120
     3                           	opt	flic
     4                           	psect	cinit,global,class=CODE,merge=1,delta=2
     5                           	psect	cstackCOMMON,global,class=COMMON,space=1,delta=1,noexec
     6                           	psect	cstackBANK0,global,class=BANK0,space=1,delta=1,noexec
     7                           	psect	maintext,global,class=CODE,merge=1,split=1,delta=2
     8                           	psect	text1,local,class=CODE,merge=1,delta=2
     9                           	psect	text2,local,class=CODE,merge=1,delta=2
    10                           	psect	text3,local,class=CODE,merge=1,delta=2
    11                           	psect	text4,local,class=CODE,merge=1,delta=2
    12                           	psect	text5,local,class=CODE,merge=1,delta=2
    13                           	psect	text6,local,class=CODE,merge=1,delta=2
    14                           	psect	text7,local,class=CODE,merge=1,delta=2
    15                           	psect	config,global,abs,ovrld,class=CONFIG,space=4,delta=2,noexec
    16                           	dabs	1,0x7E,2
    17     0000                     
    18                           ; Generated 07/09/2023 GMT
    19                           ; 
    20                           ; Copyright © 2023, Microchip Technology Inc. and its subsidiaries ("Microchip")
    21                           ; All rights reserved.
    22                           ; 
    23                           ; This software is developed by Microchip Technology Inc. and its subsidiaries ("Microch
      +                          ip").
    24                           ; 
    25                           ; Redistribution and use in source and binary forms, with or without modification, are
    26                           ; permitted provided that the following conditions are met:
    27                           ; 
    28                           ;     1. Redistributions of source code must retain the above copyright notice, this lis
      +                          t of
    29                           ;        conditions and the following disclaimer.
    30                           ; 
    31                           ;     2. Redistributions in binary form must reproduce the above copyright notice, this 
      +                          list
    32                           ;        of conditions and the following disclaimer in the documentation and/or other
    33                           ;        materials provided with the distribution. Publication is not required when
    34                           ;        this file is used in an embedded application.
    35                           ; 
    36                           ;     3. Microchip's name may not be used to endorse or promote products derived from th
      +                          is
    37                           ;        software without specific prior written permission.
    38                           ; 
    39                           ; THIS SOFTWARE IS PROVIDED BY MICROCHIP "AS IS" AND ANY EXPRESS OR IMPLIED WARRANTIES,
    40                           ; INCLUDING, BUT NOT LIMITED TO, THE IMPLIED WARRANTIES OF MERCHANTABILITY AND FITNESS F
      +                          OR
    41                           ; PURPOSE ARE DISCLAIMED.  IN NO EVENT SHALL MICROCHIP BE LIABLE FOR ANY DIRECT, INDIREC
      +                          T,
    42                           ; INCIDENTAL, SPECIAL, EXEMPLARY, OR CONSEQUENTIAL DAMAGES (INCLUDING BUT NOT LIMITED TO
    43                           ; PROCUREMENT OF SUBSTITUTE GOODS OR SERVICES; LOSS OF USE, DATA OR PROFITS; OR BUSINESS
    44                           ; INTERRUPTION) HOWSOEVER CAUSED AND ON ANY THEORY OF LIABILITY, WHETHER IN CONTRACT, ST
      +                          RICT
    45                           ; LIABILITY, OR TORT (INCLUDING NEGLIGENCE OR OTHERWISE) ARISING IN ANY WAY OUT OF THE U
      +                          SE OF
    46                           ; THIS SOFTWARE, EVEN IF ADVISED OF THE POSSIBILITY OF SUCH DAMAGE.
    47                           ; 
    48                           ; 
    49                           ; Code-generator required, PIC16F1783 Definitions
    50                           ; 
    51                           ; SFR Addresses
    52     0000                     	;# 
    53     0001                     	;# 
    54     0002                     	;# 
    55     0003                     	;# 
    56     0004                     	;# 
    57     0005                     	;# 
    58     0006                     	;# 
    59     0007                     	;# 
    60     0008                     	;# 
    61     0009                     	;# 
    62     000A                     	;# 
    63     000B                     	;# 
    64     000C                     	;# 
    65     000D                     	;# 
    66     000E                     	;# 
    67     0010                     	;# 
    68     0011                     	;# 
    69     0012                     	;# 
    70     0014                     	;# 
    71     0015                     	;# 
    72     0016                     	;# 
    73     0016                     	;# 
    74     0017                     	;# 
    75     0018                     	;# 
    76     0019                     	;# 
    77     001A                     	;# 
    78     001B                     	;# 
    79     001C                     	;# 
    80     008C                     	;# 
    81     008D                     	;# 
    82     008E                     	;# 
    83     0090                     	;# 
    84     0091                     	;# 
    85     0092                     	;# 
    86     0094                     	;# 
    87     0095                     	;# 
    88     0096                     	;# 
    89     0097                     	;# 
    90     0098                     	;# 
    91     0099                     	;# 
    92     009A                     	;# 
    93     009B                     	;# 
    94     009B                     	;# 
    95     009C                     	;# 
    96     009D                     	;# 
    97     009E                     	;# 
    98     009F                     	;# 
    99     010C                     	;# 
   100     010D                     	;# 
   101     010E                     	;# 
   102     0111                     	;# 
   103     0112                     	;# 
   104     0113                     	;# 
   105     0114                     	;# 
   106     0115                     	;# 
   107     0116                     	;# 
   108     0117                     	;# 
   109     0118                     	;# 
   110     0119                     	;# 
   111     011D                     	;# 
   112     011D                     	;# 
   113     011E                     	;# 
   114     011F                     	;# 
   115     018C                     	;# 
   116     018D                     	;# 
   117     0191                     	;# 
   118     0191                     	;# 
   119     0192                     	;# 
   120     0193                     	;# 
   121     0193                     	;# 
   122     0193                     	;# 
   123     0194                     	;# 
   124     0195                     	;# 
   125     0196                     	;# 
   126     0197                     	;# 
   127     0199                     	;# 
   128     0199                     	;# 
   129     0199                     	;# 
   130     019A                     	;# 
   131     019A                     	;# 
   132     019A                     	;# 
   133     019B                     	;# 
   134     019B                     	;# 
   135     019B                     	;# 
   136     019B                     	;# 
   137     019B                     	;# 
   138     019C                     	;# 
   139     019C                     	;# 
   140     019C                     	;# 
   141     019D                     	;# 
   142     019D                     	;# 
   143     019D                     	;# 
   144     019E                     	;# 
   145     019E                     	;# 
   146     019E                     	;# 
   147     019F                     	;# 
   148     019F                     	;# 
   149     019F                     	;# 
   150     019F                     	;# 
   151     019F                     	;# 
   152     020C                     	;# 
   153     020D                     	;# 
   154     020E                     	;# 
   155     0210                     	;# 
   156     0211                     	;# 
   157     0211                     	;# 
   158     0212                     	;# 
   159     0212                     	;# 
   160     0213                     	;# 
   161     0213                     	;# 
   162     0214                     	;# 
   163     0214                     	;# 
   164     0215                     	;# 
   165     0215                     	;# 
   166     0215                     	;# 
   167     0216                     	;# 
   168     0216                     	;# 
   169     0217                     	;# 
   170     0217                     	;# 
   171     028C                     	;# 
   172     028D                     	;# 
   173     028E                     	;# 
   174     0291                     	;# 
   175     0291                     	;# 
   176     0292                     	;# 
   177     0293                     	;# 
   178     0298                     	;# 
   179     0298                     	;# 
   180     0299                     	;# 
   181     029A                     	;# 
   182     030C                     	;# 
   183     030D                     	;# 
   184     030E                     	;# 
   185     038C                     	;# 
   186     038D                     	;# 
   187     038E                     	;# 
   188     0390                     	;# 
   189     0391                     	;# 
   190     0392                     	;# 
   191     0393                     	;# 
   192     0394                     	;# 
   193     0395                     	;# 
   194     0396                     	;# 
   195     0397                     	;# 
   196     0398                     	;# 
   197     0399                     	;# 
   198     039D                     	;# 
   199     039E                     	;# 
   200     039F                     	;# 
   201     0511                     	;# 
   202     0513                     	;# 
   203     051A                     	;# 
   204     0811                     	;# 
   205     0812                     	;# 
   206     0813                     	;# 
   207     0814                     	;# 
   208     0815                     	;# 
   209     0816                     	;# 
   210     0817                     	;# 
   211     0818                     	;# 
   212     0819                     	;# 
   213     081A                     	;# 
   214     081B                     	;# 
   215     081C                     	;# 
   216     081D                     	;# 
   217     081E                     	;# 
   218     081F                     	;# 
   219     0820                     	;# 
   220     0821                     	;# 
   221     0821                     	;# 
   222     0822                     	;# 
   223     0823                     	;# 
   224     0823                     	;# 
   225     0824                     	;# 
   226     0825                     	;# 
   227     0825                     	;# 
   228     0826                     	;# 
   229     0827                     	;# 
   230     0827                     	;# 
   231     0828                     	;# 
   232     0829                     	;# 
   233     082A                     	;# 
   234     082B                     	;# 
   235     082C                     	;# 
   236     082D                     	;# 
   237     082E                     	;# 
   238     082F                     	;# 
   239     0831                     	;# 
   240     0832                     	;# 
   241     0833                     	;# 
   242     0834                     	;# 
   243     0835                     	;# 
   244     0836                     	;# 
   245     0837                     	;# 
   246     0838                     	;# 
   247     0839                     	;# 
   248     083A                     	;# 
   249     083B                     	;# 
   250     083C                     	;# 
   251     083D                     	;# 
   252     083E                     	;# 
   253     083F                     	;# 
   254     0840                     	;# 
   255     0841                     	;# 
   256     0841                     	;# 
   257     0842                     	;# 
   258     0843                     	;# 
   259     0843                     	;# 
   260     0844                     	;# 
   261     0845                     	;# 
   262     0845                     	;# 
   263     0846                     	;# 
   264     0847                     	;# 
   265     0847                     	;# 
   266     0848                     	;# 
   267     0849                     	;# 
   268     084A                     	;# 
   269     084B                     	;# 
   270     084C                     	;# 
   271     084D                     	;# 
   272     084E                     	;# 
   273     084F                     	;# 
   274     0FE4                     	;# 
   275     0FE5                     	;# 
   276     0FE6                     	;# 
   277     0FE7                     	;# 
   278     0FE8                     	;# 
   279     0FE9                     	;# 
   280     0FEA                     	;# 
   281     0FEB                     	;# 
   282     0FED                     	;# 
   283     0FEE                     	;# 
   284     0FEF                     	;# 
   285     0000                     	;# 
   286     0001                     	;# 
   287     0002                     	;# 
   288     0003                     	;# 
   289     0004                     	;# 
   290     0005                     	;# 
   291     0006                     	;# 
   292     0007                     	;# 
   293     0008                     	;# 
   294     0009                     	;# 
   295     000A                     	;# 
   296     000B                     	;# 
   297     000C                     	;# 
   298     000D                     	;# 
   299     000E                     	;# 
   300     0010                     	;# 
   301     0011                     	;# 
   302     0012                     	;# 
   303     0014                     	;# 
   304     0015                     	;# 
   305     0016                     	;# 
   306     0016                     	;# 
   307     0017                     	;# 
   308     0018                     	;# 
   309     0019                     	;# 
   310     001A                     	;# 
   311     001B                     	;# 
   312     001C                     	;# 
   313     008C                     	;# 
   314     008D                     	;# 
   315     008E                     	;# 
   316     0090                     	;# 
   317     0091                     	;# 
   318     0092                     	;# 
   319     0094                     	;# 
   320     0095                     	;# 
   321     0096                     	;# 
   322     0097                     	;# 
   323     0098                     	;# 
   324     0099                     	;# 
   325     009A                     	;# 
   326     009B                     	;# 
   327     009B                     	;# 
   328     009C                     	;# 
   329     009D                     	;# 
   330     009E                     	;# 
   331     009F                     	;# 
   332     010C                     	;# 
   333     010D                     	;# 
   334     010E                     	;# 
   335     0111                     	;# 
   336     0112                     	;# 
   337     0113                     	;# 
   338     0114                     	;# 
   339     0115                     	;# 
   340     0116                     	;# 
   341     0117                     	;# 
   342     0118                     	;# 
   343     0119                     	;# 
   344     011D                     	;# 
   345     011D                     	;# 
   346     011E                     	;# 
   347     011F                     	;# 
   348     018C                     	;# 
   349     018D                     	;# 
   350     0191                     	;# 
   351     0191                     	;# 
   352     0192                     	;# 
   353     0193                     	;# 
   354     0193                     	;# 
   355     0193                     	;# 
   356     0194                     	;# 
   357     0195                     	;# 
   358     0196                     	;# 
   359     0197                     	;# 
   360     0199                     	;# 
   361     0199                     	;# 
   362     0199                     	;# 
   363     019A                     	;# 
   364     019A                     	;# 
   365     019A                     	;# 
   366     019B                     	;# 
   367     019B                     	;# 
   368     019B                     	;# 
   369     019B                     	;# 
   370     019B                     	;# 
   371     019C                     	;# 
   372     019C                     	;# 
   373     019C                     	;# 
   374     019D                     	;# 
   375     019D                     	;# 
   376     019D                     	;# 
   377     019E                     	;# 
   378     019E                     	;# 
   379     019E                     	;# 
   380     019F                     	;# 
   381     019F                     	;# 
   382     019F                     	;# 
   383     019F                     	;# 
   384     019F                     	;# 
   385     020C                     	;# 
   386     020D                     	;# 
   387     020E                     	;# 
   388     0210                     	;# 
   389     0211                     	;# 
   390     0211                     	;# 
   391     0212                     	;# 
   392     0212                     	;# 
   393     0213                     	;# 
   394     0213                     	;# 
   395     0214                     	;# 
   396     0214                     	;# 
   397     0215                     	;# 
   398     0215                     	;# 
   399     0215                     	;# 
   400     0216                     	;# 
   401     0216                     	;# 
   402     0217                     	;# 
   403     0217                     	;# 
   404     028C                     	;# 
   405     028D                     	;# 
   406     028E                     	;# 
   407     0291                     	;# 
   408     0291                     	;# 
   409     0292                     	;# 
   410     0293                     	;# 
   411     0298                     	;# 
   412     0298                     	;# 
   413     0299                     	;# 
   414     029A                     	;# 
   415     030C                     	;# 
   416     030D                     	;# 
   417     030E                     	;# 
   418     038C                     	;# 
   419     038D                     	;# 
   420     038E                     	;# 
   421     0390                     	;# 
   422     0391                     	;# 
   423     0392                     	;# 
   424     0393                     	;# 
   425     0394                     	;# 
   426     0395                     	;# 
   427     0396                     	;# 
   428     0397                     	;# 
   429     0398                     	;# 
   430     0399                     	;# 
   431     039D                     	;# 
   432     039E                     	;# 
   433     039F                     	;# 
   434     0511                     	;# 
   435     0513                     	;# 
   436     051A                     	;# 
   437     0811                     	;# 
   438     0812                     	;# 
   439     0813                     	;# 
   440     0814                     	;# 
   441     0815                     	;# 
   442     0816                     	;# 
   443     0817                     	;# 
   444     0818                     	;# 
   445     0819                     	;# 
   446     081A                     	;# 
   447     081B                     	;# 
   448     081C                     	;# 
   449     081D                     	;# 
   450     081E                     	;# 
   451     081F                     	;# 
   452     0820                     	;# 
   453     0821                     	;# 
   454     0821                     	;# 
   455     0822                     	;# 
   456     0823                     	;# 
   457     0823                     	;# 
   458     0824                     	;# 
   459     0825                     	;# 
   460     0825                     	;# 
   461     0826                     	;# 
   462     0827                     	;# 
   463     0827                     	;# 
   464     0828                     	;# 
   465     0829                     	;# 
   466     082A                     	;# 
   467     082B                     	;# 
   468     082C                     	;# 
   469     082D                     	;# 
   470     082E                     	;# 
   471     082F                     	;# 
   472     0831                     	;# 
   473     0832                     	;# 
   474     0833                     	;# 
   475     0834                     	;# 
   476     0835                     	;# 
   477     0836                     	;# 
   478     0837                     	;# 
   479     0838                     	;# 
   480     0839                     	;# 
   481     083A                     	;# 
   482     083B                     	;# 
   483     083C                     	;# 
   484     083D                     	;# 
   485     083E                     	;# 
   486     083F                     	;# 
   487     0840                     	;# 
   488     0841                     	;# 
   489     0841                     	;# 
   490     0842                     	;# 
   491     0843                     	;# 
   492     0843                     	;# 
   493     0844                     	;# 
   494     0845                     	;# 
   495     0845                     	;# 
   496     0846                     	;# 
   497     0847                     	;# 
   498     0847                     	;# 
   499     0848                     	;# 
   500     0849                     	;# 
   501     084A                     	;# 
   502     084B                     	;# 
   503     084C                     	;# 
   504     084D                     	;# 
   505     084E                     	;# 
   506     084F                     	;# 
   507     0FE4                     	;# 
   508     0FE5                     	;# 
   509     0FE6                     	;# 
   510     0FE7                     	;# 
   511     0FE8                     	;# 
   512     0FE9                     	;# 
   513     0FEA                     	;# 
   514     0FEB                     	;# 
   515     0FED                     	;# 
   516     0FEE                     	;# 
   517     0FEF                     	;# 
   518     0000                     	;# 
   519     0001                     	;# 
   520     0002                     	;# 
   521     0003                     	;# 
   522     0004                     	;# 
   523     0005                     	;# 
   524     0006                     	;# 
   525     0007                     	;# 
   526     0008                     	;# 
   527     0009                     	;# 
   528     000A                     	;# 
   529     000B                     	;# 
   530     000C                     	;# 
   531     000D                     	;# 
   532     000E                     	;# 
   533     0010                     	;# 
   534     0011                     	;# 
   535     0012                     	;# 
   536     0014                     	;# 
   537     0015                     	;# 
   538     0016                     	;# 
   539     0016                     	;# 
   540     0017                     	;# 
   541     0018                     	;# 
   542     0019                     	;# 
   543     001A                     	;# 
   544     001B                     	;# 
   545     001C                     	;# 
   546     008C                     	;# 
   547     008D                     	;# 
   548     008E                     	;# 
   549     0090                     	;# 
   550     0091                     	;# 
   551     0092                     	;# 
   552     0094                     	;# 
   553     0095                     	;# 
   554     0096                     	;# 
   555     0097                     	;# 
   556     0098                     	;# 
   557     0099                     	;# 
   558     009A                     	;# 
   559     009B                     	;# 
   560     009B                     	;# 
   561     009C                     	;# 
   562     009D                     	;# 
   563     009E                     	;# 
   564     009F                     	;# 
   565     010C                     	;# 
   566     010D                     	;# 
   567     010E                     	;# 
   568     0111                     	;# 
   569     0112                     	;# 
   570     0113                     	;# 
   571     0114                     	;# 
   572     0115                     	;# 
   573     0116                     	;# 
   574     0117                     	;# 
   575     0118                     	;# 
   576     0119                     	;# 
   577     011D                     	;# 
   578     011D                     	;# 
   579     011E                     	;# 
   580     011F                     	;# 
   581     018C                     	;# 
   582     018D                     	;# 
   583     0191                     	;# 
   584     0191                     	;# 
   585     0192                     	;# 
   586     0193                     	;# 
   587     0193                     	;# 
   588     0193                     	;# 
   589     0194                     	;# 
   590     0195                     	;# 
   591     0196                     	;# 
   592     0197                     	;# 
   593     0199                     	;# 
   594     0199                     	;# 
   595     0199                     	;# 
   596     019A                     	;# 
   597     019A                     	;# 
   598     019A                     	;# 
   599     019B                     	;# 
   600     019B                     	;# 
   601     019B                     	;# 
   602     019B                     	;# 
   603     019B                     	;# 
   604     019C                     	;# 
   605     019C                     	;# 
   606     019C                     	;# 
   607     019D                     	;# 
   608     019D                     	;# 
   609     019D                     	;# 
   610     019E                     	;# 
   611     019E                     	;# 
   612     019E                     	;# 
   613     019F                     	;# 
   614     019F                     	;# 
   615     019F                     	;# 
   616     019F                     	;# 
   617     019F                     	;# 
   618     020C                     	;# 
   619     020D                     	;# 
   620     020E                     	;# 
   621     0210                     	;# 
   622     0211                     	;# 
   623     0211                     	;# 
   624     0212                     	;# 
   625     0212                     	;# 
   626     0213                     	;# 
   627     0213                     	;# 
   628     0214                     	;# 
   629     0214                     	;# 
   630     0215                     	;# 
   631     0215                     	;# 
   632     0215                     	;# 
   633     0216                     	;# 
   634     0216                     	;# 
   635     0217                     	;# 
   636     0217                     	;# 
   637     028C                     	;# 
   638     028D                     	;# 
   639     028E                     	;# 
   640     0291                     	;# 
   641     0291                     	;# 
   642     0292                     	;# 
   643     0293                     	;# 
   644     0298                     	;# 
   645     0298                     	;# 
   646     0299                     	;# 
   647     029A                     	;# 
   648     030C                     	;# 
   649     030D                     	;# 
   650     030E                     	;# 
   651     038C                     	;# 
   652     038D                     	;# 
   653     038E                     	;# 
   654     0390                     	;# 
   655     0391                     	;# 
   656     0392                     	;# 
   657     0393                     	;# 
   658     0394                     	;# 
   659     0395                     	;# 
   660     0396                     	;# 
   661     0397                     	;# 
   662     0398                     	;# 
   663     0399                     	;# 
   664     039D                     	;# 
   665     039E                     	;# 
   666     039F                     	;# 
   667     0511                     	;# 
   668     0513                     	;# 
   669     051A                     	;# 
   670     0811                     	;# 
   671     0812                     	;# 
   672     0813                     	;# 
   673     0814                     	;# 
   674     0815                     	;# 
   675     0816                     	;# 
   676     0817                     	;# 
   677     0818                     	;# 
   678     0819                     	;# 
   679     081A                     	;# 
   680     081B                     	;# 
   681     081C                     	;# 
   682     081D                     	;# 
   683     081E                     	;# 
   684     081F                     	;# 
   685     0820                     	;# 
   686     0821                     	;# 
   687     0821                     	;# 
   688     0822                     	;# 
   689     0823                     	;# 
   690     0823                     	;# 
   691     0824                     	;# 
   692     0825                     	;# 
   693     0825                     	;# 
   694     0826                     	;# 
   695     0827                     	;# 
   696     0827                     	;# 
   697     0828                     	;# 
   698     0829                     	;# 
   699     082A                     	;# 
   700     082B                     	;# 
   701     082C                     	;# 
   702     082D                     	;# 
   703     082E                     	;# 
   704     082F                     	;# 
   705     0831                     	;# 
   706     0832                     	;# 
   707     0833                     	;# 
   708     0834                     	;# 
   709     0835                     	;# 
   710     0836                     	;# 
   711     0837                     	;# 
   712     0838                     	;# 
   713     0839                     	;# 
   714     083A                     	;# 
   715     083B                     	;# 
   716     083C                     	;# 
   717     083D                     	;# 
   718     083E                     	;# 
   719     083F                     	;# 
   720     0840                     	;# 
   721     0841                     	;# 
   722     0841                     	;# 
   723     0842                     	;# 
   724     0843                     	;# 
   725     0843                     	;# 
   726     0844                     	;# 
   727     0845                     	;# 
   728     0845                     	;# 
   729     0846                     	;# 
   730     0847                     	;# 
   731     0847                     	;# 
   732     0848                     	;# 
   733     0849                     	;# 
   734     084A                     	;# 
   735     084B                     	;# 
   736     084C                     	;# 
   737     084D                     	;# 
   738     084E                     	;# 
   739     084F                     	;# 
   740     0FE4                     	;# 
   741     0FE5                     	;# 
   742     0FE6                     	;# 
   743     0FE7                     	;# 
   744     0FE8                     	;# 
   745     0FE9                     	;# 
   746     0FEA                     	;# 
   747     0FEB                     	;# 
   748     0FED                     	;# 
   749     0FEE                     	;# 
   750     0FEF                     	;# 
   751     008C                     _TRISA	set	140
   752     010C                     _LATAbits	set	268
   753     010C                     _LATA	set	268
   754     018C                     _ANSELA	set	396
   755                           
   756                           	psect	cinit
   757     07FD                     start_initialization:	
   758                           ; #config settings
   759                           
   760     07FD                     __initialization:
   761     07FD                     end_of_initialization:	
   762                           ;End of C runtime variable initialization code
   763                           
   764     07FD                     __end_of__initialization:
   765     07FD  0020               	movlb	0
   766     07FE  3186  2EF7         	ljmp	_main	;jump to C main() function
   767                           
   768                           	psect	cstackCOMMON
   769     0070                     __pcstackCOMMON:
   770     0070                     ?_programInitialize:
   771     0070                     ??_programInitialize:	
   772                           ; 1 bytes @ 0x0
   773                           
   774     0070                     ?_programLoop:	
   775                           ; 1 bytes @ 0x0
   776                           
   777     0070                     ?_main:	
   778                           ; 1 bytes @ 0x0
   779                           
   780     0070                     ?_delay_x1o5us:	
   781                           ; 1 bytes @ 0x0
   782                           
   783     0070                     ??_delay_x1o5us:	
   784                           ; 1 bytes @ 0x0
   785                           
   786     0070                     ?_ledMatrix_AllOff:	
   787                           ; 1 bytes @ 0x0
   788                           
   789     0070                     ??_ledMatrix_AllOff:	
   790                           ; 1 bytes @ 0x0
   791                           
   792                           
   793                           ; 1 bytes @ 0x0
   794     0070                     	ds	1
   795     0071                     delay_x1o5us@delay:
   796                           
   797                           ; 1 bytes @ 0x1
   798     0071                     	ds	1
   799     0072                     delay_x1o5us@i:
   800                           
   801                           ; 1 bytes @ 0x2
   802     0072                     	ds	1
   803     0073                     ?_delay_x24o25us:
   804     0073                     delay_x24o25us@delay:	
   805                           ; 1 bytes @ 0x3
   806                           
   807                           
   808                           ; 2 bytes @ 0x3
   809     0073                     	ds	2
   810     0075                     ??_delay_x24o25us:
   811     0075                     delay_x24o25us@i:	
   812                           ; 1 bytes @ 0x5
   813                           
   814                           
   815                           ; 2 bytes @ 0x5
   816     0075                     	ds	2
   817     0077                     ?_delay_ms:
   818     0077                     ?_ledMatrix_SetDisplay:	
   819                           ; 1 bytes @ 0x7
   820                           
   821     0077                     ledMatrix_SetDisplay@ledWord:	
   822                           ; 1 bytes @ 0x7
   823                           
   824     0077                     delay_ms@delay:	
   825                           ; 2 bytes @ 0x7
   826                           
   827                           
   828                           ; 4 bytes @ 0x7
   829     0077                     	ds	2
   830     0079                     ??_programLoop:
   831     0079                     ??_ledMatrix_SetDisplay:	
   832                           ; 1 bytes @ 0x9
   833                           
   834                           
   835                           ; 1 bytes @ 0x9
   836     0079                     	ds	1
   837     007A                     programLoop@i:
   838                           
   839                           ; 1 bytes @ 0xA
   840     007A                     	ds	1
   841     007B                     ??_delay_ms:
   842     007B                     ??_main:	
   843                           ; 1 bytes @ 0xB
   844                           
   845                           
   846                           	psect	cstackBANK0
   847     0020                     __pcstackBANK0:	
   848                           ; 1 bytes @ 0xB
   849                           
   850     0020                     delay_ms@i:
   851                           
   852                           ; 4 bytes @ 0x0
   853     0020                     	ds	4
   854                           
   855                           	psect	maintext
   856     06F7                     __pmaintext:	
   857 ;;
   858 ;;Main: autosize = 0, tempsize = 0, incstack = 0, save=0
   859 ;;
   860 ;; *************** function _main *****************
   861 ;; Defined at:
   862 ;;		line 26 in file "main.c"
   863 ;; Parameters:    Size  Location     Type
   864 ;;		None
   865 ;; Auto vars:     Size  Location     Type
   866 ;;		None
   867 ;; Return value:  Size  Location     Type
   868 ;;                  1    wreg      void 
   869 ;; Registers used:
   870 ;;		wreg, status,2, status,0, pclath, cstack
   871 ;; Tracked objects:
   872 ;;		On entry : B1F/0
   873 ;;		On exit  : 0/0
   874 ;;		Unchanged: 0/0
   875 ;; Data sizes:     COMMON   BANK0   BANK1   BANK2   BANK3   BANK4   BANK5
   876 ;;      Params:         0       0       0       0       0       0       0
   877 ;;      Locals:         0       0       0       0       0       0       0
   878 ;;      Temps:          0       0       0       0       0       0       0
   879 ;;      Totals:         0       0       0       0       0       0       0
   880 ;;Total ram usage:        0 bytes
   881 ;; Hardware stack levels required when called: 4
   882 ;; This function calls:
   883 ;;		_delay_ms
   884 ;;		_programInitialize
   885 ;;		_programLoop
   886 ;; This function is called by:
   887 ;;		Startup code after reset
   888 ;; This function uses a non-reentrant model
   889 ;;
   890                           
   891     06F7                     _main:	
   892                           ;psect for function _main
   893                           
   894     06F7                     l914:	
   895                           ;incstack = 0
   896                           ; Regs used in _main: [wreg+status,2+status,0+pclath+cstack]
   897                           
   898                           
   899                           ;main.c: 27:     delay_ms(100);
   900     06F7  3000               	movlw	0
   901     06F8  00FA               	movwf	delay_ms@delay+3
   902     06F9  3000               	movlw	0
   903     06FA  00F9               	movwf	delay_ms@delay+2
   904     06FB  3000               	movlw	0
   905     06FC  00F8               	movwf	delay_ms@delay+1
   906     06FD  3064               	movlw	100
   907     06FE  00F7               	movwf	delay_ms@delay
   908     06FF  3187  2716  3186   	fcall	_delay_ms
   909                           
   910                           ;main.c: 28:     delay_ms(141);
   911     0702  3000               	movlw	0
   912     0703  00FA               	movwf	delay_ms@delay+3
   913     0704  3000               	movlw	0
   914     0705  00F9               	movwf	delay_ms@delay+2
   915     0706  3000               	movlw	0
   916     0707  00F8               	movwf	delay_ms@delay+1
   917     0708  308D               	movlw	141
   918     0709  00F7               	movwf	delay_ms@delay
   919     070A  3187  2716  3186   	fcall	_delay_ms
   920     070D                     l916:
   921                           
   922                           ;main.c: 30:     programInitialize();
   923     070D  3186  26C3  3186   	fcall	_programInitialize
   924     0710                     l918:
   925                           
   926                           ;main.c: 33:         programLoop();
   927     0710  3187  2743  3186   	fcall	_programLoop
   928     0713  2F10               	goto	l918
   929     0714  3180  2802         	ljmp	start
   930     0716                     __end_of_main:
   931                           
   932                           	psect	text1
   933     0743                     __ptext1:	
   934 ;; *************** function _programLoop *****************
   935 ;; Defined at:
   936 ;;		line 27 in file "program.c"
   937 ;; Parameters:    Size  Location     Type
   938 ;;		None
   939 ;; Auto vars:     Size  Location     Type
   940 ;;  i               1   10[COMMON] unsigned char 
   941 ;; Return value:  Size  Location     Type
   942 ;;                  1    wreg      void 
   943 ;; Registers used:
   944 ;;		wreg, status,2, status,0, pclath, cstack
   945 ;; Tracked objects:
   946 ;;		On entry : 0/0
   947 ;;		On exit  : 0/0
   948 ;;		Unchanged: 0/0
   949 ;; Data sizes:     COMMON   BANK0   BANK1   BANK2   BANK3   BANK4   BANK5
   950 ;;      Params:         0       0       0       0       0       0       0
   951 ;;      Locals:         1       0       0       0       0       0       0
   952 ;;      Temps:          1       0       0       0       0       0       0
   953 ;;      Totals:         2       0       0       0       0       0       0
   954 ;;Total ram usage:        2 bytes
   955 ;; Hardware stack levels used: 1
   956 ;; Hardware stack levels required when called: 3
   957 ;; This function calls:
   958 ;;		_ledMatrix_SetDisplay
   959 ;; This function is called by:
   960 ;;		_main
   961 ;; This function uses a non-reentrant model
   962 ;;
   963                           
   964     0743                     _programLoop:	
   965                           ;psect for function _programLoop
   966                           
   967     0743                     l866:	
   968                           ;incstack = 0
   969                           ; Regs used in _programLoop: [wreg+status,2+status,0+pclath+cstack]
   970                           
   971                           
   972                           ;program.c: 28:     uint8_t i = 0;
   973     0743  01FA               	clrf	programLoop@i
   974                           
   975                           ;program.c: 30:     for(i=0; i<50; i++) {
   976     0744  01FA               	clrf	programLoop@i
   977     0745                     l872:
   978                           
   979                           ;program.c: 31:         ledMatrix_SetDisplay(0b100100100);
   980     0745  3024               	movlw	36
   981     0746  00F7               	movwf	ledMatrix_SetDisplay@ledWord
   982     0747  3001               	movlw	1
   983     0748  00F8               	movwf	ledMatrix_SetDisplay@ledWord+1
   984     0749  3187  278D  3187   	fcall	_ledMatrix_SetDisplay
   985     074C                     l874:
   986                           
   987                           ;program.c: 32:     }
   988     074C  3001               	movlw	1
   989     074D  00F9               	movwf	??_programLoop
   990     074E  0879               	movf	??_programLoop,w
   991     074F  07FA               	addwf	programLoop@i,f
   992     0750                     l876:
   993     0750  3032               	movlw	50
   994     0751  027A               	subwf	programLoop@i,w
   995     0752  1C03               	skipc
   996     0753  2F55               	goto	u471
   997     0754  2F56               	goto	u470
   998     0755                     u471:
   999     0755  2F45               	goto	l872
  1000     0756                     u470:
  1001     0756                     l878:
  1002                           
  1003                           ;program.c: 34:     for(i=0; i<50; i++) {
  1004     0756  01FA               	clrf	programLoop@i
  1005     0757                     l884:
  1006                           
  1007                           ;program.c: 35:         ledMatrix_SetDisplay(0b010010010);
  1008     0757  3092               	movlw	146
  1009     0758  00F7               	movwf	ledMatrix_SetDisplay@ledWord
  1010     0759  3000               	movlw	0
  1011     075A  00F8               	movwf	ledMatrix_SetDisplay@ledWord+1
  1012     075B  3187  278D  3187   	fcall	_ledMatrix_SetDisplay
  1013     075E                     l886:
  1014                           
  1015                           ;program.c: 36:     }
  1016     075E  3001               	movlw	1
  1017     075F  00F9               	movwf	??_programLoop
  1018     0760  0879               	movf	??_programLoop,w
  1019     0761  07FA               	addwf	programLoop@i,f
  1020     0762                     l888:
  1021     0762  3032               	movlw	50
  1022     0763  027A               	subwf	programLoop@i,w
  1023     0764  1C03               	skipc
  1024     0765  2F67               	goto	u481
  1025     0766  2F68               	goto	u480
  1026     0767                     u481:
  1027     0767  2F57               	goto	l884
  1028     0768                     u480:
  1029     0768                     l890:
  1030                           
  1031                           ;program.c: 38:     for(i=0; i<50; i++) {
  1032     0768  01FA               	clrf	programLoop@i
  1033     0769                     l896:
  1034                           
  1035                           ;program.c: 39:         ledMatrix_SetDisplay(0b001001001);
  1036     0769  3049               	movlw	73
  1037     076A  00F7               	movwf	ledMatrix_SetDisplay@ledWord
  1038     076B  3000               	movlw	0
  1039     076C  00F8               	movwf	ledMatrix_SetDisplay@ledWord+1
  1040     076D  3187  278D  3187   	fcall	_ledMatrix_SetDisplay
  1041     0770                     l898:
  1042                           
  1043                           ;program.c: 40:     }
  1044     0770  3001               	movlw	1
  1045     0771  00F9               	movwf	??_programLoop
  1046     0772  0879               	movf	??_programLoop,w
  1047     0773  07FA               	addwf	programLoop@i,f
  1048     0774                     l900:
  1049     0774  3032               	movlw	50
  1050     0775  027A               	subwf	programLoop@i,w
  1051     0776  1C03               	skipc
  1052     0777  2F79               	goto	u491
  1053     0778  2F7A               	goto	u490
  1054     0779                     u491:
  1055     0779  2F69               	goto	l896
  1056     077A                     u490:
  1057     077A                     l902:
  1058                           
  1059                           ;program.c: 42:     for(i=0; i<50; i++) {
  1060     077A  01FA               	clrf	programLoop@i
  1061     077B                     l908:
  1062                           
  1063                           ;program.c: 43:         ledMatrix_SetDisplay(0b010010010);
  1064     077B  3092               	movlw	146
  1065     077C  00F7               	movwf	ledMatrix_SetDisplay@ledWord
  1066     077D  3000               	movlw	0
  1067     077E  00F8               	movwf	ledMatrix_SetDisplay@ledWord+1
  1068     077F  3187  278D  3187   	fcall	_ledMatrix_SetDisplay
  1069     0782                     l910:
  1070                           
  1071                           ;program.c: 44:     }
  1072     0782  3001               	movlw	1
  1073     0783  00F9               	movwf	??_programLoop
  1074     0784  0879               	movf	??_programLoop,w
  1075     0785  07FA               	addwf	programLoop@i,f
  1076     0786                     l912:
  1077     0786  3032               	movlw	50
  1078     0787  027A               	subwf	programLoop@i,w
  1079     0788  1C03               	skipc
  1080     0789  2F8B               	goto	u501
  1081     078A  2F8C               	goto	u500
  1082     078B                     u501:
  1083     078B  2F7B               	goto	l908
  1084     078C                     u500:
  1085     078C                     l58:
  1086     078C  0008               	return
  1087     078D                     __end_of_programLoop:
  1088                           
  1089                           	psect	text2
  1090     078D                     __ptext2:	
  1091 ;; *************** function _ledMatrix_SetDisplay *****************
  1092 ;; Defined at:
  1093 ;;		line 57 in file "program.c"
  1094 ;; Parameters:    Size  Location     Type
  1095 ;;  ledWord         2    7[COMMON] unsigned short 
  1096 ;; Auto vars:     Size  Location     Type
  1097 ;;  delay           1    0        unsigned char 
  1098 ;; Return value:  Size  Location     Type
  1099 ;;                  1    wreg      void 
  1100 ;; Registers used:
  1101 ;;		wreg, status,2, status,0, pclath, cstack
  1102 ;; Tracked objects:
  1103 ;;		On entry : 0/0
  1104 ;;		On exit  : 0/0
  1105 ;;		Unchanged: 0/0
  1106 ;; Data sizes:     COMMON   BANK0   BANK1   BANK2   BANK3   BANK4   BANK5
  1107 ;;      Params:         2       0       0       0       0       0       0
  1108 ;;      Locals:         0       0       0       0       0       0       0
  1109 ;;      Temps:          0       0       0       0       0       0       0
  1110 ;;      Totals:         2       0       0       0       0       0       0
  1111 ;;Total ram usage:        2 bytes
  1112 ;; Hardware stack levels used: 1
  1113 ;; Hardware stack levels required when called: 2
  1114 ;; This function calls:
  1115 ;;		_delay_x24o25us
  1116 ;;		_ledMatrix_AllOff
  1117 ;; This function is called by:
  1118 ;;		_programLoop
  1119 ;; This function uses a non-reentrant model
  1120 ;;
  1121                           
  1122     078D                     _ledMatrix_SetDisplay:	
  1123                           ;psect for function _ledMatrix_SetDisplay
  1124                           
  1125     078D                     l812:	
  1126                           ;incstack = 0
  1127                           ; Regs used in _ledMatrix_SetDisplay: [wreg+status,2+status,0+pclath+cstack]
  1128                           
  1129     078D                     l814:
  1130                           
  1131                           ;program.c: 62:     ledMatrix_AllOff();
  1132     078D  3186  26CA  3187   	fcall	_ledMatrix_AllOff
  1133     0790                     l816:
  1134                           
  1135                           ;program.c: 64:     LATAbits.LATA0 = (_Bool)(ledWord & 0b100000000);
  1136     0790  1878               	btfsc	ledMatrix_SetDisplay@ledWord+1,0
  1137     0791  2F93               	goto	u281
  1138     0792  2F96               	goto	u280
  1139     0793                     u281:
  1140     0793  0022               	movlb	2	; select bank2
  1141     0794  140C               	bsf	12,0	;volatile
  1142     0795  2F98               	goto	u294
  1143     0796                     u280:
  1144     0796  0022               	movlb	2	; select bank2
  1145     0797  100C               	bcf	12,0	;volatile
  1146     0798                     u294:
  1147     0798                     l818:
  1148                           
  1149                           ;program.c: 65:     LATAbits.LATA1 = (_Bool)(ledWord & 0b010000000);
  1150     0798  1BF7               	btfsc	ledMatrix_SetDisplay@ledWord,7
  1151     0799  2F9B               	goto	u301
  1152     079A  2F9E               	goto	u300
  1153     079B                     u301:
  1154     079B  0022               	movlb	2	; select bank2
  1155     079C  148C               	bsf	12,1	;volatile
  1156     079D  2FA0               	goto	u314
  1157     079E                     u300:
  1158     079E  0022               	movlb	2	; select bank2
  1159     079F  108C               	bcf	12,1	;volatile
  1160     07A0                     u314:
  1161     07A0                     l820:
  1162                           
  1163                           ;program.c: 66:     LATAbits.LATA2 = (_Bool)(ledWord & 0b001000000);
  1164     07A0  1B77               	btfsc	ledMatrix_SetDisplay@ledWord,6
  1165     07A1  2FA3               	goto	u321
  1166     07A2  2FA6               	goto	u320
  1167     07A3                     u321:
  1168     07A3  0022               	movlb	2	; select bank2
  1169     07A4  150C               	bsf	12,2	;volatile
  1170     07A5  2FA8               	goto	u334
  1171     07A6                     u320:
  1172     07A6  0022               	movlb	2	; select bank2
  1173     07A7  110C               	bcf	12,2	;volatile
  1174     07A8                     u334:
  1175     07A8                     l822:
  1176                           
  1177                           ;program.c: 67:     LATAbits.LATA3 = 0;
  1178     07A8  118C               	bcf	12,3	;volatile
  1179     07A9                     l824:
  1180                           
  1181                           ;program.c: 68:     LATAbits.LATA4 = 1;
  1182     07A9  160C               	bsf	12,4	;volatile
  1183     07AA                     l826:
  1184                           
  1185                           ;program.c: 69:     LATAbits.LATA5 = 1;
  1186     07AA  168C               	bsf	12,5	;volatile
  1187                           
  1188                           ;program.c: 71:     delay_x24o25us(delay);
  1189     07AB  30C8               	movlw	200
  1190     07AC  00F3               	movwf	delay_x24o25us@delay
  1191     07AD  3000               	movlw	0
  1192     07AE  00F4               	movwf	delay_x24o25us@delay+1
  1193     07AF  3186  26E1  3187   	fcall	_delay_x24o25us
  1194     07B2                     l828:
  1195                           
  1196                           ;program.c: 75:     ledMatrix_AllOff();
  1197     07B2  3186  26CA  3187   	fcall	_ledMatrix_AllOff
  1198     07B5                     l830:
  1199                           
  1200                           ;program.c: 77:     LATAbits.LATA0 = (_Bool)(ledWord & 0b000100000);
  1201     07B5  1AF7               	btfsc	ledMatrix_SetDisplay@ledWord,5
  1202     07B6  2FB8               	goto	u341
  1203     07B7  2FBB               	goto	u340
  1204     07B8                     u341:
  1205     07B8  0022               	movlb	2	; select bank2
  1206     07B9  140C               	bsf	12,0	;volatile
  1207     07BA  2FBD               	goto	u354
  1208     07BB                     u340:
  1209     07BB  0022               	movlb	2	; select bank2
  1210     07BC  100C               	bcf	12,0	;volatile
  1211     07BD                     u354:
  1212     07BD                     l832:
  1213                           
  1214                           ;program.c: 78:     LATAbits.LATA1 = (_Bool)(ledWord & 0b000010000);
  1215     07BD  1A77               	btfsc	ledMatrix_SetDisplay@ledWord,4
  1216     07BE  2FC0               	goto	u361
  1217     07BF  2FC3               	goto	u360
  1218     07C0                     u361:
  1219     07C0  0022               	movlb	2	; select bank2
  1220     07C1  148C               	bsf	12,1	;volatile
  1221     07C2  2FC5               	goto	u374
  1222     07C3                     u360:
  1223     07C3  0022               	movlb	2	; select bank2
  1224     07C4  108C               	bcf	12,1	;volatile
  1225     07C5                     u374:
  1226     07C5                     l834:
  1227                           
  1228                           ;program.c: 79:     LATAbits.LATA2 = (_Bool)(ledWord & 0b000001000);
  1229     07C5  19F7               	btfsc	ledMatrix_SetDisplay@ledWord,3
  1230     07C6  2FC8               	goto	u381
  1231     07C7  2FCB               	goto	u380
  1232     07C8                     u381:
  1233     07C8  0022               	movlb	2	; select bank2
  1234     07C9  150C               	bsf	12,2	;volatile
  1235     07CA  2FCD               	goto	u394
  1236     07CB                     u380:
  1237     07CB  0022               	movlb	2	; select bank2
  1238     07CC  110C               	bcf	12,2	;volatile
  1239     07CD                     u394:
  1240     07CD                     l836:
  1241                           
  1242                           ;program.c: 80:     LATAbits.LATA3 = 1;
  1243     07CD  158C               	bsf	12,3	;volatile
  1244     07CE                     l838:
  1245                           
  1246                           ;program.c: 81:     LATAbits.LATA4 = 0;
  1247     07CE  120C               	bcf	12,4	;volatile
  1248     07CF                     l840:
  1249                           
  1250                           ;program.c: 82:     LATAbits.LATA5 = 1;
  1251     07CF  168C               	bsf	12,5	;volatile
  1252     07D0                     l842:
  1253                           
  1254                           ;program.c: 84:     delay_x24o25us(delay);
  1255     07D0  30C8               	movlw	200
  1256     07D1  00F3               	movwf	delay_x24o25us@delay
  1257     07D2  3000               	movlw	0
  1258     07D3  00F4               	movwf	delay_x24o25us@delay+1
  1259     07D4  3186  26E1  3187   	fcall	_delay_x24o25us
  1260                           
  1261                           ;program.c: 88:     ledMatrix_AllOff();
  1262     07D7  3186  26CA  3187   	fcall	_ledMatrix_AllOff
  1263     07DA                     l844:
  1264                           
  1265                           ;program.c: 90:     LATAbits.LATA0 = (_Bool)(ledWord & 0b000000100);
  1266     07DA  1977               	btfsc	ledMatrix_SetDisplay@ledWord,2
  1267     07DB  2FDD               	goto	u401
  1268     07DC  2FE0               	goto	u400
  1269     07DD                     u401:
  1270     07DD  0022               	movlb	2	; select bank2
  1271     07DE  140C               	bsf	12,0	;volatile
  1272     07DF  2FE2               	goto	u414
  1273     07E0                     u400:
  1274     07E0  0022               	movlb	2	; select bank2
  1275     07E1  100C               	bcf	12,0	;volatile
  1276     07E2                     u414:
  1277     07E2                     l846:
  1278                           
  1279                           ;program.c: 91:     LATAbits.LATA1 = (_Bool)(ledWord & 0b000000010);
  1280     07E2  18F7               	btfsc	ledMatrix_SetDisplay@ledWord,1
  1281     07E3  2FE5               	goto	u421
  1282     07E4  2FE8               	goto	u420
  1283     07E5                     u421:
  1284     07E5  0022               	movlb	2	; select bank2
  1285     07E6  148C               	bsf	12,1	;volatile
  1286     07E7  2FEA               	goto	u434
  1287     07E8                     u420:
  1288     07E8  0022               	movlb	2	; select bank2
  1289     07E9  108C               	bcf	12,1	;volatile
  1290     07EA                     u434:
  1291     07EA                     l848:
  1292                           
  1293                           ;program.c: 92:     LATAbits.LATA2 = (_Bool)(ledWord & 0b000000001);
  1294     07EA  1877               	btfsc	ledMatrix_SetDisplay@ledWord,0
  1295     07EB  2FED               	goto	u441
  1296     07EC  2FF0               	goto	u440
  1297     07ED                     u441:
  1298     07ED  0022               	movlb	2	; select bank2
  1299     07EE  150C               	bsf	12,2	;volatile
  1300     07EF  2FF2               	goto	u454
  1301     07F0                     u440:
  1302     07F0  0022               	movlb	2	; select bank2
  1303     07F1  110C               	bcf	12,2	;volatile
  1304     07F2                     u454:
  1305     07F2                     l850:
  1306                           
  1307                           ;program.c: 93:     LATAbits.LATA3 = 1;
  1308     07F2  158C               	bsf	12,3	;volatile
  1309     07F3                     l852:
  1310                           
  1311                           ;program.c: 94:     LATAbits.LATA4 = 1;
  1312     07F3  160C               	bsf	12,4	;volatile
  1313     07F4                     l854:
  1314                           
  1315                           ;program.c: 95:     LATAbits.LATA5 = 0;
  1316     07F4  128C               	bcf	12,5	;volatile
  1317     07F5                     l856:
  1318                           
  1319                           ;program.c: 97:     delay_x24o25us(delay);
  1320     07F5  30C8               	movlw	200
  1321     07F6  00F3               	movwf	delay_x24o25us@delay
  1322     07F7  3000               	movlw	0
  1323     07F8  00F4               	movwf	delay_x24o25us@delay+1
  1324     07F9  3186  26E1  3187   	fcall	_delay_x24o25us
  1325     07FC                     l64:
  1326     07FC  0008               	return
  1327     07FD                     __end_of_ledMatrix_SetDisplay:
  1328                           
  1329                           	psect	text3
  1330     06CA                     __ptext3:	
  1331 ;; *************** function _ledMatrix_AllOff *****************
  1332 ;; Defined at:
  1333 ;;		line 48 in file "program.c"
  1334 ;; Parameters:    Size  Location     Type
  1335 ;;		None
  1336 ;; Auto vars:     Size  Location     Type
  1337 ;;		None
  1338 ;; Return value:  Size  Location     Type
  1339 ;;                  1    wreg      void 
  1340 ;; Registers used:
  1341 ;;		None
  1342 ;; Tracked objects:
  1343 ;;		On entry : 0/0
  1344 ;;		On exit  : 0/0
  1345 ;;		Unchanged: 0/0
  1346 ;; Data sizes:     COMMON   BANK0   BANK1   BANK2   BANK3   BANK4   BANK5
  1347 ;;      Params:         0       0       0       0       0       0       0
  1348 ;;      Locals:         0       0       0       0       0       0       0
  1349 ;;      Temps:          0       0       0       0       0       0       0
  1350 ;;      Totals:         0       0       0       0       0       0       0
  1351 ;;Total ram usage:        0 bytes
  1352 ;; Hardware stack levels used: 1
  1353 ;; This function calls:
  1354 ;;		Nothing
  1355 ;; This function is called by:
  1356 ;;		_ledMatrix_SetDisplay
  1357 ;; This function uses a non-reentrant model
  1358 ;;
  1359                           
  1360     06CA                     _ledMatrix_AllOff:	
  1361                           ;psect for function _ledMatrix_AllOff
  1362                           
  1363     06CA                     l686:	
  1364                           ;incstack = 0
  1365                           ; Regs used in _ledMatrix_AllOff: []
  1366                           
  1367                           
  1368                           ;program.c: 49:     LATAbits.LATA0 = 0;
  1369     06CA  0022               	movlb	2	; select bank2
  1370     06CB  100C               	bcf	12,0	;volatile
  1371                           
  1372                           ;program.c: 50:     LATAbits.LATA1 = 0;
  1373     06CC  108C               	bcf	12,1	;volatile
  1374                           
  1375                           ;program.c: 51:     LATAbits.LATA2 = 0;
  1376     06CD  110C               	bcf	12,2	;volatile
  1377                           
  1378                           ;program.c: 52:     LATAbits.LATA3 = 0;
  1379     06CE  118C               	bcf	12,3	;volatile
  1380                           
  1381                           ;program.c: 53:     LATAbits.LATA4 = 0;
  1382     06CF  120C               	bcf	12,4	;volatile
  1383                           
  1384                           ;program.c: 54:     LATAbits.LATA5 = 0;
  1385     06D0  128C               	bcf	12,5	;volatile
  1386     06D1                     l61:
  1387     06D1  0008               	return
  1388     06D2                     __end_of_ledMatrix_AllOff:
  1389                           
  1390                           	psect	text4
  1391     06C3                     __ptext4:	
  1392 ;; *************** function _programInitialize *****************
  1393 ;; Defined at:
  1394 ;;		line 20 in file "program.c"
  1395 ;; Parameters:    Size  Location     Type
  1396 ;;		None
  1397 ;; Auto vars:     Size  Location     Type
  1398 ;;		None
  1399 ;; Return value:  Size  Location     Type
  1400 ;;                  1    wreg      void 
  1401 ;; Registers used:
  1402 ;;		status,2
  1403 ;; Tracked objects:
  1404 ;;		On entry : 0/0
  1405 ;;		On exit  : 0/0
  1406 ;;		Unchanged: 0/0
  1407 ;; Data sizes:     COMMON   BANK0   BANK1   BANK2   BANK3   BANK4   BANK5
  1408 ;;      Params:         0       0       0       0       0       0       0
  1409 ;;      Locals:         0       0       0       0       0       0       0
  1410 ;;      Temps:          0       0       0       0       0       0       0
  1411 ;;      Totals:         0       0       0       0       0       0       0
  1412 ;;Total ram usage:        0 bytes
  1413 ;; Hardware stack levels used: 1
  1414 ;; This function calls:
  1415 ;;		Nothing
  1416 ;; This function is called by:
  1417 ;;		_main
  1418 ;; This function uses a non-reentrant model
  1419 ;;
  1420                           
  1421     06C3                     _programInitialize:	
  1422                           ;psect for function _programInitialize
  1423                           
  1424     06C3                     l742:	
  1425                           ;incstack = 0
  1426                           ; Regs used in _programInitialize: [status,2]
  1427                           
  1428                           
  1429                           ;program.c: 22:     TRISA = 0;
  1430     06C3  0021               	movlb	1	; select bank1
  1431     06C4  018C               	clrf	12	;volatile
  1432                           
  1433                           ;program.c: 23:     ANSELA = 0;
  1434     06C5  0023               	movlb	3	; select bank3
  1435     06C6  018C               	clrf	12	;volatile
  1436                           
  1437                           ;program.c: 24:     LATA = 0;
  1438     06C7  0022               	movlb	2	; select bank2
  1439     06C8  018C               	clrf	12	;volatile
  1440     06C9                     l47:
  1441     06C9  0008               	return
  1442     06CA                     __end_of_programInitialize:
  1443                           
  1444                           	psect	text5
  1445     0716                     __ptext5:	
  1446 ;; *************** function _delay_ms *****************
  1447 ;; Defined at:
  1448 ;;		line 15 in file "program.c"
  1449 ;; Parameters:    Size  Location     Type
  1450 ;;  delay           4    7[COMMON] unsigned long 
  1451 ;; Auto vars:     Size  Location     Type
  1452 ;;  i               4    0[BANK0 ] unsigned long 
  1453 ;; Return value:  Size  Location     Type
  1454 ;;                  1    wreg      void 
  1455 ;; Registers used:
  1456 ;;		wreg, status,2, status,0, pclath, cstack
  1457 ;; Tracked objects:
  1458 ;;		On entry : 0/0
  1459 ;;		On exit  : 0/0
  1460 ;;		Unchanged: 0/0
  1461 ;; Data sizes:     COMMON   BANK0   BANK1   BANK2   BANK3   BANK4   BANK5
  1462 ;;      Params:         4       0       0       0       0       0       0
  1463 ;;      Locals:         0       4       0       0       0       0       0
  1464 ;;      Temps:          0       0       0       0       0       0       0
  1465 ;;      Totals:         4       4       0       0       0       0       0
  1466 ;;Total ram usage:        8 bytes
  1467 ;; Hardware stack levels used: 1
  1468 ;; Hardware stack levels required when called: 2
  1469 ;; This function calls:
  1470 ;;		_delay_x24o25us
  1471 ;; This function is called by:
  1472 ;;		_main
  1473 ;; This function uses a non-reentrant model
  1474 ;;
  1475                           
  1476     0716                     _delay_ms:	
  1477                           ;psect for function _delay_ms
  1478                           
  1479     0716                     l858:	
  1480                           ;incstack = 0
  1481                           ; Regs used in _delay_ms: [wreg+status,2+status,0+pclath+cstack]
  1482                           
  1483                           
  1484                           ;program.c: 16:     for(uint32_t i=0; i<delay; i++) delay_x24o25us(41);
  1485     0716  3000               	movlw	0
  1486     0717  0020               	movlb	0	; select bank0
  1487     0718  00A3               	movwf	delay_ms@i+3
  1488     0719  3000               	movlw	0
  1489     071A  00A2               	movwf	delay_ms@i+2
  1490     071B  3000               	movlw	0
  1491     071C  00A1               	movwf	delay_ms@i+1
  1492     071D  3000               	movlw	0
  1493     071E  00A0               	movwf	delay_ms@i
  1494     071F  2F30               	goto	l864
  1495     0720                     l860:
  1496     0720  3029               	movlw	41
  1497     0721  00F3               	movwf	delay_x24o25us@delay
  1498     0722  3000               	movlw	0
  1499     0723  00F4               	movwf	delay_x24o25us@delay+1
  1500     0724  3186  26E1  3187   	fcall	_delay_x24o25us
  1501     0727                     l862:
  1502     0727  3001               	movlw	1
  1503     0728  0020               	movlb	0	; select bank0
  1504     0729  07A0               	addwf	delay_ms@i,f
  1505     072A  3000               	movlw	0
  1506     072B  3DA1               	addwfc	delay_ms@i+1,f
  1507     072C  3000               	movlw	0
  1508     072D  3DA2               	addwfc	delay_ms@i+2,f
  1509     072E  3000               	movlw	0
  1510     072F  3DA3               	addwfc	delay_ms@i+3,f
  1511     0730                     l864:
  1512     0730  087A               	movf	delay_ms@delay+3,w
  1513     0731  0223               	subwf	delay_ms@i+3,w
  1514     0732  1D03               	skipz
  1515     0733  2F3E               	goto	u465
  1516     0734  0879               	movf	delay_ms@delay+2,w
  1517     0735  0222               	subwf	delay_ms@i+2,w
  1518     0736  1D03               	skipz
  1519     0737  2F3E               	goto	u465
  1520     0738  0878               	movf	delay_ms@delay+1,w
  1521     0739  0221               	subwf	delay_ms@i+1,w
  1522     073A  1D03               	skipz
  1523     073B  2F3E               	goto	u465
  1524     073C  0877               	movf	delay_ms@delay,w
  1525     073D  0220               	subwf	delay_ms@i,w
  1526     073E                     u465:
  1527     073E  1C03               	skipc
  1528     073F  2F41               	goto	u461
  1529     0740  2F42               	goto	u460
  1530     0741                     u461:
  1531     0741  2F20               	goto	l860
  1532     0742                     u460:
  1533     0742                     l44:
  1534     0742  0008               	return
  1535     0743                     __end_of_delay_ms:
  1536                           
  1537                           	psect	text6
  1538     06E1                     __ptext6:	
  1539 ;; *************** function _delay_x24o25us *****************
  1540 ;; Defined at:
  1541 ;;		line 10 in file "program.c"
  1542 ;; Parameters:    Size  Location     Type
  1543 ;;  delay           2    3[COMMON] unsigned short 
  1544 ;; Auto vars:     Size  Location     Type
  1545 ;;  i               2    5[COMMON] unsigned short 
  1546 ;; Return value:  Size  Location     Type
  1547 ;;                  1    wreg      void 
  1548 ;; Registers used:
  1549 ;;		wreg, status,2, status,0, pclath, cstack
  1550 ;; Tracked objects:
  1551 ;;		On entry : 0/0
  1552 ;;		On exit  : 0/0
  1553 ;;		Unchanged: 0/0
  1554 ;; Data sizes:     COMMON   BANK0   BANK1   BANK2   BANK3   BANK4   BANK5
  1555 ;;      Params:         2       0       0       0       0       0       0
  1556 ;;      Locals:         2       0       0       0       0       0       0
  1557 ;;      Temps:          0       0       0       0       0       0       0
  1558 ;;      Totals:         4       0       0       0       0       0       0
  1559 ;;Total ram usage:        4 bytes
  1560 ;; Hardware stack levels used: 1
  1561 ;; Hardware stack levels required when called: 1
  1562 ;; This function calls:
  1563 ;;		_delay_x1o5us
  1564 ;; This function is called by:
  1565 ;;		_delay_ms
  1566 ;;		_ledMatrix_SetDisplay
  1567 ;; This function uses a non-reentrant model
  1568 ;;
  1569                           
  1570     06E1                     _delay_x24o25us:	
  1571                           ;psect for function _delay_x24o25us
  1572                           
  1573     06E1                     l804:	
  1574                           ;incstack = 0
  1575                           ; Regs used in _delay_x24o25us: [wreg+status,2+status,0+pclath+cstack]
  1576                           
  1577                           
  1578                           ;program.c: 11:     for(uint16_t i=0; i<delay; i++) delay_x1o5us(15);
  1579     06E1  01F5               	clrf	delay_x24o25us@i
  1580     06E2  01F6               	clrf	delay_x24o25us@i+1
  1581     06E3  2EEC               	goto	l810
  1582     06E4                     l806:
  1583     06E4  300F               	movlw	15
  1584     06E5  3186  26D2  3186   	fcall	_delay_x1o5us
  1585     06E8                     l808:
  1586     06E8  3001               	movlw	1
  1587     06E9  07F5               	addwf	delay_x24o25us@i,f
  1588     06EA  3000               	movlw	0
  1589     06EB  3DF6               	addwfc	delay_x24o25us@i+1,f
  1590     06EC                     l810:
  1591     06EC  0874               	movf	delay_x24o25us@delay+1,w
  1592     06ED  0276               	subwf	delay_x24o25us@i+1,w
  1593     06EE  1D03               	skipz
  1594     06EF  2EF2               	goto	u275
  1595     06F0  0873               	movf	delay_x24o25us@delay,w
  1596     06F1  0275               	subwf	delay_x24o25us@i,w
  1597     06F2                     u275:
  1598     06F2  1C03               	skipc
  1599     06F3  2EF5               	goto	u271
  1600     06F4  2EF6               	goto	u270
  1601     06F5                     u271:
  1602     06F5  2EE4               	goto	l806
  1603     06F6                     u270:
  1604     06F6                     l38:
  1605     06F6  0008               	return
  1606     06F7                     __end_of_delay_x24o25us:
  1607                           
  1608                           	psect	text7
  1609     06D2                     __ptext7:	
  1610 ;; *************** function _delay_x1o5us *****************
  1611 ;; Defined at:
  1612 ;;		line 5 in file "program.c"
  1613 ;; Parameters:    Size  Location     Type
  1614 ;;  delay           1    wreg     unsigned char 
  1615 ;; Auto vars:     Size  Location     Type
  1616 ;;  delay           1    1[COMMON] unsigned char 
  1617 ;;  i               1    2[COMMON] unsigned char 
  1618 ;; Return value:  Size  Location     Type
  1619 ;;                  1    wreg      void 
  1620 ;; Registers used:
  1621 ;;		wreg, status,2, status,0
  1622 ;; Tracked objects:
  1623 ;;		On entry : 0/0
  1624 ;;		On exit  : 0/0
  1625 ;;		Unchanged: 0/0
  1626 ;; Data sizes:     COMMON   BANK0   BANK1   BANK2   BANK3   BANK4   BANK5
  1627 ;;      Params:         0       0       0       0       0       0       0
  1628 ;;      Locals:         2       0       0       0       0       0       0
  1629 ;;      Temps:          1       0       0       0       0       0       0
  1630 ;;      Totals:         3       0       0       0       0       0       0
  1631 ;;Total ram usage:        3 bytes
  1632 ;; Hardware stack levels used: 1
  1633 ;; This function calls:
  1634 ;;		Nothing
  1635 ;; This function is called by:
  1636 ;;		_delay_x24o25us
  1637 ;; This function uses a non-reentrant model
  1638 ;;
  1639                           
  1640     06D2                     _delay_x1o5us:	
  1641                           ;psect for function _delay_x1o5us
  1642                           
  1643                           
  1644                           ;incstack = 0
  1645                           ; Regs used in _delay_x1o5us: [wreg+status,2+status,0]
  1646                           ;delay_x1o5us@delay stored from wreg
  1647     06D2  00F1               	movwf	delay_x1o5us@delay
  1648     06D3                     l798:
  1649                           
  1650                           ;program.c: 6:     for(uint8_t i=0; i<delay; i++) __nop();
  1651     06D3  01F2               	clrf	delay_x1o5us@i
  1652     06D4  2EDA               	goto	l802
  1653     06D5                     l30:
  1654     06D5  0000               	nop
  1655     06D6                     l800:
  1656     06D6  3001               	movlw	1
  1657     06D7  00F0               	movwf	??_delay_x1o5us
  1658     06D8  0870               	movf	??_delay_x1o5us,w
  1659     06D9  07F2               	addwf	delay_x1o5us@i,f
  1660     06DA                     l802:
  1661     06DA  0871               	movf	delay_x1o5us@delay,w
  1662     06DB  0272               	subwf	delay_x1o5us@i,w
  1663     06DC  1C03               	skipc
  1664     06DD  2EDF               	goto	u261
  1665     06DE  2EE0               	goto	u260
  1666     06DF                     u261:
  1667     06DF  2ED5               	goto	l30
  1668     06E0                     u260:
  1669     06E0                     l32:
  1670     06E0  0008               	return
  1671     06E1                     __end_of_delay_x1o5us:
  1672     007E                     btemp	set	126	;btemp
  1673     007E                     wtemp0	set	126
  1674                           
  1675                           	psect	config
  1676                           
  1677                           ;Config register CONFIG1 @ 0x8007
  1678                           ;	Oscillator Selection
  1679                           ;	FOSC = HS, HS Oscillator, High-speed crystal/resonator connected between OSC1 and OSC2
      +                           pins
  1680                           ;	Watchdog Timer Enable
  1681                           ;	WDTE = OFF, WDT disabled
  1682                           ;	Power-up Timer Enable
  1683                           ;	PWRTE = OFF, PWRT disabled
  1684                           ;	MCLR Pin Function Select
  1685                           ;	MCLRE = ON, MCLR/VPP pin function is MCLR
  1686                           ;	Flash Program Memory Code Protection
  1687                           ;	CP = OFF, Program memory code protection is disabled
  1688                           ;	Data Memory Code Protection
  1689                           ;	CPD = OFF, Data memory code protection is disabled
  1690                           ;	Brown-out Reset Enable
  1691                           ;	BOREN = OFF, Brown-out Reset disabled
  1692                           ;	Clock Out Enable
  1693                           ;	CLKOUTEN = ON, CLKOUT function is enabled on the CLKOUT pin
  1694                           ;	Internal/External Switchover
  1695                           ;	IESO = OFF, Internal/External Switchover mode is disabled
  1696                           ;	Fail-Safe Clock Monitor Enable
  1697                           ;	FCMEN = OFF, Fail-Safe Clock Monitor is disabled
  1698     8007                     	org	32775
  1699     8007  01E2               	dw	482
  1700                           
  1701                           ;Config register CONFIG2 @ 0x8008
  1702                           ;	Flash Memory Self-Write Protection
  1703                           ;	WRT = OFF, Write protection off
  1704                           ;	Voltage Regulator Capacitor Enable bit
  1705                           ;	VCAPEN = OFF, Vcap functionality is disabled on RA6.
  1706                           ;	PLL Enable
  1707                           ;	PLLEN = ON, 4x PLL enabled
  1708                           ;	Stack Overflow/Underflow Reset Enable
  1709                           ;	STVREN = ON, Stack Overflow or Underflow will cause a Reset
  1710                           ;	Brown-out Reset Voltage Selection
  1711                           ;	BORV = LO, Brown-out Reset Voltage (Vbor), low trip point selected.
  1712                           ;	Low Power Brown-Out Reset Enable Bit
  1713                           ;	LPBOR = 0x1, unprogrammed default
  1714                           ;	In-Circuit Debugger Mode
  1715                           ;	DEBUG = OFF, In-Circuit Debugger disabled, ICSPCLK and ICSPDAT are general purpose I/O
      +                           pins
  1716                           ;	Low-Voltage Programming Enable
  1717                           ;	LVP = ON, Low-voltage programming enabled
  1718     8008                     	org	32776
  1719     8008  3FFF               	dw	16383

Data Sizes:
    Strings     0
    Constant    0
    Data        0
    BSS         0
    Persistent  32
    Stack       0

Auto Spaces:
    Space          Size  Autos    Used
    COMMON           14     11      11
    BANK0            80      4       4
    BANK1            80      0       0
    BANK2            80      0       0
    BANK3            80      0       0
    BANK4            80      0       0
    BANK5            80      0       0

Pointer List with Targets:

    None.

Critical Paths under _main in COMMON

    _main->_delay_ms
    _main->_programLoop
    _programLoop->_ledMatrix_SetDisplay
    _ledMatrix_SetDisplay->_delay_x24o25us
    _delay_ms->_delay_x24o25us
    _delay_x24o25us->_delay_x1o5us

Critical Paths under _main in BANK0

    _main->_delay_ms

Critical Paths under _main in BANK1

    None.

Critical Paths under _main in BANK2

    None.

Critical Paths under _main in BANK3

    None.

Critical Paths under _main in BANK4

    None.

Critical Paths under _main in BANK5

    None.

Call Graph Tables:

 ---------------------------------------------------------------------------------
 (Depth) Function   	        Calls       Base Space   Used Autos Params    Refs
 ---------------------------------------------------------------------------------
 (0) _main                                                 0     0      0    1744
                           _delay_ms
                  _programInitialize
                        _programLoop
 ---------------------------------------------------------------------------------
 (1) _programLoop                                          2     2      0    1150
                                              9 COMMON     2     2      0
               _ledMatrix_SetDisplay
 ---------------------------------------------------------------------------------
 (2) _ledMatrix_SetDisplay                                 3     1      2     965
                                              7 COMMON     2     0      2
                     _delay_x24o25us
                   _ledMatrix_AllOff
 ---------------------------------------------------------------------------------
 (3) _ledMatrix_AllOff                                     0     0      0       0
 ---------------------------------------------------------------------------------
 (1) _programInitialize                                    0     0      0       0
 ---------------------------------------------------------------------------------
 (1) _delay_ms                                             8     4      4     594
                                              7 COMMON     4     0      4
                                              0 BANK0      4     4      0
                     _delay_x24o25us
 ---------------------------------------------------------------------------------
 (3) _delay_x24o25us                                       4     2      2     396
                                              3 COMMON     4     2      2
                       _delay_x1o5us
 ---------------------------------------------------------------------------------
 (4) _delay_x1o5us                                         3     3      0      46
                                              0 COMMON     3     3      0
 ---------------------------------------------------------------------------------
 Estimated maximum stack depth 4
 ---------------------------------------------------------------------------------

 Call Graph Graphs:

 _main (ROOT)
   _delay_ms
     _delay_x24o25us
       _delay_x1o5us
   _programInitialize
   _programLoop
     _ledMatrix_SetDisplay
       _delay_x24o25us
       _ledMatrix_AllOff

 Address spaces:
Name               Size   Autos  Total    Cost      Usage
BIGRAM             1E0      0       0       0        0.0%
EEDATA             100      0       0       0        0.0%
NULL                 0      0       0       0        0.0%
CODE                 0      0       0       0        0.0%
BITCOMMON            E      0       0       1        0.0%
BITSFR0              0      0       0       1        0.0%
SFR0                 0      0       0       1        0.0%
COMMON               E      B       B       2       78.6%
BITSFR1              0      0       0       2        0.0%
SFR1                 0      0       0       2        0.0%
BITSFR2              0      0       0       3        0.0%
SFR2                 0      0       0       3        0.0%
STACK                0      0       0       3        0.0%
BITBANK0            50      0       0       4        0.0%
BITSFR3              0      0       0       4        0.0%
SFR3                 0      0       0       4        0.0%
BANK0               50      4       4       5        5.0%
BITSFR4              0      0       0       5        0.0%
SFR4                 0      0       0       5        0.0%
BITSFR5              0      0       0       6        0.0%
SFR5                 0      0       0       6        0.0%
ABS                  0      0       0       6        0.0%
BITBANK1            50      0       0       7        0.0%
BITSFR6              0      0       0       7        0.0%
SFR6                 0      0       0       7        0.0%
BANK1               50      0       0       8        0.0%
BITSFR7              0      0       0       8        0.0%
SFR7                 0      0       0       8        0.0%
BITBANK2            50      0       0       9        0.0%
BITSFR8              0      0       0       9        0.0%
SFR8                 0      0       0       9        0.0%
BANK2               50      0       0      10        0.0%
BITSFR9              0      0       0      10        0.0%
SFR9                 0      0       0      10        0.0%
BITBANK3            50      0       0      11        0.0%
BITSFR10             0      0       0      11        0.0%
SFR10                0      0       0      11        0.0%
BANK3               50      0       0      12        0.0%
BITSFR11             0      0       0      12        0.0%
SFR11                0      0       0      12        0.0%
BITBANK4            50      0       0      13        0.0%
BITSFR12             0      0       0      13        0.0%
SFR12                0      0       0      13        0.0%
BANK4               50      0       0      14        0.0%
BITSFR13             0      0       0      14        0.0%
SFR13                0      0       0      14        0.0%
BITBANK5            50      0       0      15        0.0%
BITSFR14             0      0       0      15        0.0%
SFR14                0      0       0      15        0.0%
BANK5               50      0       0      16        0.0%
BITSFR15             0      0       0      16        0.0%
SFR15                0      0       0      16        0.0%
BITSFR16             0      0       0      17        0.0%
SFR16                0      0       0      17        0.0%
DATA                 0      0       0      17        0.0%
BITSFR17             0      0       0      18        0.0%
SFR17                0      0       0      18        0.0%
BITSFR18             0      0       0      19        0.0%
SFR18                0      0       0      19        0.0%
BITSFR19             0      0       0      20        0.0%
SFR19                0      0       0      20        0.0%
BITSFR20             0      0       0      21        0.0%
SFR20                0      0       0      21        0.0%
BITSFR21             0      0       0      22        0.0%
SFR21                0      0       0      22        0.0%
BITSFR22             0      0       0      23        0.0%
SFR22                0      0       0      23        0.0%
BITSFR23             0      0       0      24        0.0%
SFR23                0      0       0      24        0.0%
BITSFR24             0      0       0      25        0.0%
SFR24                0      0       0      25        0.0%
BITSFR25             0      0       0      26        0.0%
SFR25                0      0       0      26        0.0%
BITSFR26             0      0       0      27        0.0%
SFR26                0      0       0      27        0.0%
BITSFR27             0      0       0      28        0.0%
SFR27                0      0       0      28        0.0%
BITSFR28             0      0       0      29        0.0%
SFR28                0      0       0      29        0.0%
BITSFR29             0      0       0      30        0.0%
SFR29                0      0       0      30        0.0%
BITSFR30             0      0       0      31        0.0%
SFR30                0      0       0      31        0.0%
BITSFR31             0      0       0      32        0.0%
SFR31                0      0       0      32        0.0%


Microchip Technology PIC Macro Assembler V2.46 build 20240104201356 
Symbol Table                                                                                   Wed Oct 23 07:54:13 2024

                          l30 06D5                            l32 06E0                            l44 0742  
                          l61 06D1                            l38 06F6                            l47 06C9  
                          l64 07FC                            l58 078C                           l800 06D6  
                         l802 06DA                           l810 06EC                           l804 06E1  
                         l820 07A0                           l812 078D                           l900 0774  
                         l806 06E4                           l742 06C3                           l830 07B5  
                         l822 07A8                           l814 078D                           l910 0782  
                         l902 077A                           l808 06E8                           l840 07CF  
                         l832 07BD                           l824 07A9                           l816 0790  
                         l912 0786                           l850 07F2                           l842 07D0  
                         l834 07C5                           l826 07AA                           l818 0798  
                         l914 06F7                           l860 0720                           l852 07F3  
                         l844 07DA                           l836 07CD                           l828 07B2  
                         l908 077B                           l916 070D                           l862 0727  
                         l686 06CA                           l854 07F4                           l846 07E2  
                         l838 07CE                           l918 0710                           l864 0730  
                         l856 07F5                           l848 07EA                           l872 0745  
                         l858 0716                           l890 0768                           l874 074C  
                         l866 0743                           l884 0757                           l876 0750  
                         l798 06D3                           l886 075E                           l878 0756  
                         l896 0769                           l888 0762                           l898 0770  
                         u300 079E                           u301 079B                           u400 07E0  
                         u320 07A6                           u401 07DD                           u321 07A3  
                         u314 07A0                           u260 06E0                           u420 07E8  
                         u340 07BB                           u500 078C                           u261 06DF  
                         u421 07E5                           u341 07B8                           u501 078B  
                         u270 06F6                           u414 07E2                           u334 07A8  
                         u271 06F5                           u440 07F0                           u360 07C3  
                         u280 0796                           u441 07ED                           u361 07C0  
                         u281 0793                           u434 07EA                           u354 07BD  
                         u275 06F2                           u460 0742                           u380 07CB  
                         u461 0741                           u381 07C8                           u454 07F2  
                         u374 07C5                           u294 0798                           u470 0756  
                         u471 0755                           u480 0768                           u465 073E  
                         u481 0767                           u394 07CD                           u490 077A  
                         u491 0779                          _LATA 010C                          _main 06F7  
                        btemp 007E                          start 0002          __end_of_delay_x1o5us 06E1  
__end_of_ledMatrix_SetDisplay 07FD                         ?_main 0070                         _TRISA 008C  
                programLoop@i 007A           delay_x24o25us@delay 0073                         wtemp0 007E  
             __initialization 07FD             ?_ledMatrix_AllOff 0070                  __end_of_main 0716  
          ??_ledMatrix_AllOff 0070                        ??_main 007B                        _ANSELA 018C  
            __end_of_delay_ms 0743             delay_x1o5us@delay 0071                _delay_x24o25us 06E1  
     __end_of__initialization 07FD          _ledMatrix_SetDisplay 078D                  ?_programLoop 0070  
              __pcstackCOMMON 0070        __end_of_delay_x24o25us 06F7                  _delay_x1o5us 06D2  
       ?_ledMatrix_SetDisplay 0077             _programInitialize 06C3                    __pmaintext 06F7  
          ?_programInitialize 0070               ?_delay_x24o25us 0073           ??_programInitialize 0070  
                   ?_delay_ms 0077     __end_of_programInitialize 06CA                       __ptext1 0743  
                     __ptext2 078D                       __ptext3 06CA                       __ptext4 06C3  
                     __ptext5 0716                       __ptext6 06E1                       __ptext7 06D2  
                  ??_delay_ms 007B          end_of_initialization 07FD        ??_ledMatrix_SetDisplay 0079  
               delay_x1o5us@i 0072                 delay_ms@delay 0077           start_initialization 07FD  
            ??_delay_x24o25us 0075                     ___latbits 0001                 __pcstackBANK0 0020  
            _ledMatrix_AllOff 06CA                      _LATAbits 010C                     delay_ms@i 0020  
 ledMatrix_SetDisplay@ledWord 0077                 ??_programLoop 0079                      _delay_ms 0716  
               ?_delay_x1o5us 0070      __end_of_ledMatrix_AllOff 06D2           __end_of_programLoop 078D  
              ??_delay_x1o5us 0070               delay_x24o25us@i 0075                   _programLoop 0743  
